<test-run id="2" testcasecount="1" result="Passed" start-time="2026-08-28 14:41:56.979999" end-time="2026-08-28 14:41:59.815010" duration="2" total="1" passed="1" failed="0" inconclusive="0" skipped="0" asserts="0" clr-version="3.9.6 (default, Oct 17 2025, 17:15:53) &#10;[Clang 17.0.0 (clang-1700.4.4.1)]" engine-version="3.6.2"><command-line>/Users/houlinxu/.vscode/extensions/ms-python.python-2026.4.0-darwin-arm64/python_files/vscode_pytest/run_pytest_script.py --rootdir=/Users/houlinxu/Documents/UQpy</command-line><filter><test re="0">/Users/houlinxu/Documents/UQpy/tests/unit_tests/distributions/test__independent_distributions.py::test_triangular_cdf</test></filter><test-suite id="tests/unit_tests/distributions/test__independent_distributions.py" name="tests/unit_tests/distributions/test__independent_distributions.py" fullname="tests/unit_tests/distributions/test__independent_distributions.py" methodname="" classname="" runstate="Runnable" type="Assembly" testcasecount="1" result="Passed" label="" start-time="2026-08-28 14:41:59.813330" end-time="2026-08-28 14:41:59.814859" duration="0.001529" asserts="0" total="1" passed="1" failed="0" warnings="0" inconclusive="0" skipped="0"><properties><property name="python_version" value="3.9.6 (default, Oct 17 2025, 17:15:53) &#10;[Clang 17.0.0 (clang-1700.4.4.1)]" /></properties><test-case id="100" name="tests/unit_tests/distributions/test__independent_distributions.py::test_triangular_cdf" fullname="tests/unit_tests/distributions/test__independent_distributions.py::test_triangular_cdf" methodname="test_triangular_cdf" classname="tests/unit_tests/distributions/test__independent_distributions.py" runstate="Runnable" seed="1" result="Passed" label="" start-time="2026-08-28 14:41:59.813330" end-time="2026-08-28 14:41:59.814859" duration="0.001529" asserts="0"><properties><property name="python-version" value="3.9.6 (default, Oct 17 2025, 17:15:53) &#10;[Clang 17.0.0 (clang-1700.4.4.1)]" /><property name="fspath" value="tests/unit_tests/distributions/test__independent_distributions.py" /></properties><environment framework-version="3.6.2" clr-version="3.9.6 (default, Oct 17 2025, 17:15:53) &#10;[Clang 17.0.0 (clang-1700.4.4.1)]" os-version="25.0.0" platform="Darwin" cwd="/Users/houlinxu/Documents/UQpy" machine-name="arm64" user="" user-domain="" culture="en_US" uiculture="en_US" os-architecture="64bit" /><failure><message><![CDATA[]]></message><stack-trace><![CDATA[None]]></stack-trace></failure><reason><message><![CDATA[]]></message></reason><output><![CDATA[]]></output></test-case><environment framework-version="3.6.2" clr-version="3.9.6 (default, Oct 17 2025, 17:15:53) &#10;[Clang 17.0.0 (clang-1700.4.4.1)]" os-version="25.0.0" platform="Darwin" cwd="/Users/houlinxu/Documents/UQpy" machine-name="arm64" user="" user-domain="" culture="en_US" uiculture="en_US" os-architecture="64bit" /></test-suite></test-run>